199	1.000000	n01693334/n01693334_9631.JPEG
21	0.000000	n01440764/n01440764_9304.JPEG
211	1.000000	n01693334/n01693334_9780.JPEG
23	0.000000	n01440764/n01440764_9374.JPEG
50	0.000000	n01440764/n01440764_9627.JPEG
210	1.000000	n01693334/n01693334_9779.JPEG
7	0.000000	n01440764/n01440764_9135.JPEG
147	1.000000	n01693334/n01693334_9347.JPEG
195	1.000000	n01693334/n01693334_9622.JPEG
127	1.000000	n01693334/n01693334_9222.JPEG
59	0.000000	n01440764/n01440764_97.JPEG
239	1.000000	n01693334/n01693334_9937.JPEG
198	1.000000	n01693334/n01693334_9630.JPEG
221	1.000000	n01693334/n01693334_9838.JPEG
164	1.000000	n01693334/n01693334_9463.JPEG
217	1.000000	n01693334/n01693334_9812.JPEG
72	0.000000	n01440764/n01440764_9811.JPEG
16	0.000000	n01440764/n01440764_9229.JPEG
235	1.000000	n01693334/n01693334_9908.JPEG
75	0.000000	n01440764/n01440764_9855.JPEG
47	0.000000	n01440764/n01440764_9605.JPEG
73	0.000000	n01440764/n01440764_9846.JPEG
219	1.000000	n01693334/n01693334_9821.JPEG
156	1.000000	n01693334/n01693334_9404.JPEG
40	0.000000	n01440764/n01440764_9563.JPEG
62	0.000000	n01440764/n01440764_9747.JPEG
108	1.000000	n01693334/n01693334_9116.JPEG
189	1.000000	n01693334/n01693334_9574.JPEG
90	0.000000	n01440764/n01440764_9940.JPEG
98	1.000000	n01693334/n01693334_9023.JPEG
19	0.000000	n01440764/n01440764_9289.JPEG
148	1.000000	n01693334/n01693334_9357.JPEG
152	1.000000	n01693334/n01693334_9387.JPEG
112	1.000000	n01693334/n01693334_9152.JPEG
145	1.000000	n01693334/n01693334_9312.JPEG
218	1.000000	n01693334/n01693334_9814.JPEG
81	0.000000	n01440764/n01440764_9885.JPEG
68	0.000000	n01440764/n01440764_9779.JPEG
119	1.000000	n01693334/n01693334_9195.JPEG
171	1.000000	n01693334/n01693334_9508.JPEG
242	1.000000	n01693334/n01693334_9957.JPEG
153	1.000000	n01693334/n01693334_9391.JPEG
175	1.000000	n01693334/n01693334_9527.JPEG
66	0.000000	n01440764/n01440764_9772.JPEG
173	1.000000	n01693334/n01693334_9522.JPEG
35	0.000000	n01440764/n01440764_9504.JPEG
97	1.000000	n01693334/n01693334_9022.JPEG
39	0.000000	n01440764/n01440764_9543.JPEG
244	1.000000	n01693334/n01693334_9961.JPEG
139	1.000000	n01693334/n01693334_9283.JPEG
232	1.000000	n01693334/n01693334_9903.JPEG
179	1.000000	n01693334/n01693334_9535.JPEG
78	0.000000	n01440764/n01440764_9864.JPEG
201	1.000000	n01693334/n01693334_9634.JPEG
181	1.000000	n01693334/n01693334_9554.JPEG
246	1.000000	n01693334/n01693334_9970.JPEG
133	1.000000	n01693334/n01693334_9260.JPEG
248	1.000000	n01693334/n01693334_9976.JPEG
22	0.000000	n01440764/n01440764_9315.JPEG
177	1.000000	n01693334/n01693334_953.JPEG
107	1.000000	n01693334/n01693334_9105.JPEG
5	0.000000	n01440764/n01440764_910.JPEG
124	1.000000	n01693334/n01693334_9217.JPEG
2	0.000000	n01440764/n01440764_9057.JPEG
106	1.000000	n01693334/n01693334_9101.JPEG
236	1.000000	n01693334/n01693334_9931.JPEG
10	0.000000	n01440764/n01440764_9178.JPEG
200	1.000000	n01693334/n01693334_9633.JPEG
84	0.000000	n01440764/n01440764_9898.JPEG
80	0.000000	n01440764/n01440764_9875.JPEG
157	1.000000	n01693334/n01693334_9406.JPEG
71	0.000000	n01440764/n01440764_9799.JPEG
184	1.000000	n01693334/n01693334_9563.JPEG
213	1.000000	n01693334/n01693334_979.JPEG
130	1.000000	n01693334/n01693334_9234.JPEG
215	1.000000	n01693334/n01693334_9801.JPEG
0	0.000000	n01440764/n01440764_9020.JPEG
143	1.000000	n01693334/n01693334_9305.JPEG
172	1.000000	n01693334/n01693334_9509.JPEG
120	1.000000	n01693334/n01693334_9207.JPEG
140	1.000000	n01693334/n01693334_9284.JPEG
95	1.000000	n01693334/n01693334_9000.JPEG
209	1.000000	n01693334/n01693334_9749.JPEG
33	0.000000	n01440764/n01440764_9471.JPEG
105	1.000000	n01693334/n01693334_908.JPEG
34	0.000000	n01440764/n01440764_9491.JPEG
237	1.000000	n01693334/n01693334_9932.JPEG
128	1.000000	n01693334/n01693334_9224.JPEG
220	1.000000	n01693334/n01693334_9835.JPEG
132	1.000000	n01693334/n01693334_9258.JPEG
18	0.000000	n01440764/n01440764_925.JPEG
174	1.000000	n01693334/n01693334_9526.JPEG
109	1.000000	n01693334/n01693334_913.JPEG
178	1.000000	n01693334/n01693334_9533.JPEG
77	0.000000	n01440764/n01440764_9861.JPEG
24	0.000000	n01440764/n01440764_9378.JPEG
230	1.000000	n01693334/n01693334_9883.JPEG
224	1.000000	n01693334/n01693334_9846.JPEG
240	1.000000	n01693334/n01693334_9950.JPEG
43	0.000000	n01440764/n01440764_9572.JPEG
57	0.000000	n01440764/n01440764_9695.JPEG
191	1.000000	n01693334/n01693334_9584.JPEG
54	0.000000	n01440764/n01440764_9665.JPEG
69	0.000000	n01440764/n01440764_9780.JPEG
115	1.000000	n01693334/n01693334_9162.JPEG
51	0.000000	n01440764/n01440764_9638.JPEG
93	0.000000	n01440764/n01440764_9973.JPEG
216	1.000000	n01693334/n01693334_9809.JPEG
8	0.000000	n01440764/n01440764_9152.JPEG
186	1.000000	n01693334/n01693334_9568.JPEG
228	1.000000	n01693334/n01693334_9878.JPEG
137	1.000000	n01693334/n01693334_9267.JPEG
82	0.000000	n01440764/n01440764_9890.JPEG
27	0.000000	n01440764/n01440764_9428.JPEG
17	0.000000	n01440764/n01440764_9244.JPEG
4	0.000000	n01440764/n01440764_9093.JPEG
182	1.000000	n01693334/n01693334_9558.JPEG
222	1.000000	n01693334/n01693334_9839.JPEG
207	1.000000	n01693334/n01693334_9731.JPEG
167	1.000000	n01693334/n01693334_9475.JPEG
125	1.000000	n01693334/n01693334_9220.JPEG
206	1.000000	n01693334/n01693334_9718.JPEG
162	1.000000	n01693334/n01693334_9453.JPEG
190	1.000000	n01693334/n01693334_9582.JPEG
161	1.000000	n01693334/n01693334_9450.JPEG
192	1.000000	n01693334/n01693334_9591.JPEG
233	1.000000	n01693334/n01693334_9904.JPEG
113	1.000000	n01693334/n01693334_9154.JPEG
9	0.000000	n01440764/n01440764_9157.JPEG
122	1.000000	n01693334/n01693334_9213.JPEG
38	0.000000	n01440764/n01440764_9533.JPEG
169	1.000000	n01693334/n01693334_9491.JPEG
26	0.000000	n01440764/n01440764_9399.JPEG
241	1.000000	n01693334/n01693334_9953.JPEG
11	0.000000	n01440764/n01440764_9191.JPEG
212	1.000000	n01693334/n01693334_9788.JPEG
150	1.000000	n01693334/n01693334_9366.JPEG
146	1.000000	n01693334/n01693334_9315.JPEG
194	1.000000	n01693334/n01693334_9615.JPEG
121	1.000000	n01693334/n01693334_9211.JPEG
29	0.000000	n01440764/n01440764_9442.JPEG
3	0.000000	n01440764/n01440764_9091.JPEG
231	1.000000	n01693334/n01693334_9885.JPEG
225	1.000000	n01693334/n01693334_9850.JPEG
91	0.000000	n01440764/n01440764_9962.JPEG
55	0.000000	n01440764/n01440764_9667.JPEG
134	1.000000	n01693334/n01693334_9264.JPEG
223	1.000000	n01693334/n01693334_9840.JPEG
56	0.000000	n01440764/n01440764_9678.JPEG
229	1.000000	n01693334/n01693334_9881.JPEG
30	0.000000	n01440764/n01440764_9456.JPEG
208	1.000000	n01693334/n01693334_9741.JPEG
183	1.000000	n01693334/n01693334_9560.JPEG
193	1.000000	n01693334/n01693334_9596.JPEG
83	0.000000	n01440764/n01440764_9893.JPEG
185	1.000000	n01693334/n01693334_9566.JPEG
14	0.000000	n01440764/n01440764_9212.JPEG
245	1.000000	n01693334/n01693334_9969.JPEG
65	0.000000	n01440764/n01440764_9766.JPEG
149	1.000000	n01693334/n01693334_9365.JPEG
126	1.000000	n01693334/n01693334_9221.JPEG
131	1.000000	n01693334/n01693334_9245.JPEG
227	1.000000	n01693334/n01693334_9861.JPEG
61	0.000000	n01440764/n01440764_9720.JPEG
64	0.000000	n01440764/n01440764_9753.JPEG
111	1.000000	n01693334/n01693334_9149.JPEG
76	0.000000	n01440764/n01440764_9859.JPEG
25	0.000000	n01440764/n01440764_9390.JPEG
15	0.000000	n01440764/n01440764_9217.JPEG
102	1.000000	n01693334/n01693334_905.JPEG
123	1.000000	n01693334/n01693334_9216.JPEG
92	0.000000	n01440764/n01440764_9966.JPEG
138	1.000000	n01693334/n01693334_9275.JPEG
87	0.000000	n01440764/n01440764_993.JPEG
135	1.000000	n01693334/n01693334_9265.JPEG
86	0.000000	n01440764/n01440764_9929.JPEG
151	1.000000	n01693334/n01693334_9376.JPEG
176	1.000000	n01693334/n01693334_9529.JPEG
74	0.000000	n01440764/n01440764_985.JPEG
238	1.000000	n01693334/n01693334_9933.JPEG
158	1.000000	n01693334/n01693334_9422.JPEG
63	0.000000	n01440764/n01440764_9749.JPEG
155	1.000000	n01693334/n01693334_9398.JPEG
13	0.000000	n01440764/n01440764_921.JPEG
141	1.000000	n01693334/n01693334_9287.JPEG
159	1.000000	n01693334/n01693334_9424.JPEG
32	0.000000	n01440764/n01440764_9465.JPEG
99	1.000000	n01693334/n01693334_9033.JPEG
203	1.000000	n01693334/n01693334_9655.JPEG
114	1.000000	n01693334/n01693334_9161.JPEG
60	0.000000	n01440764/n01440764_9706.JPEG
170	1.000000	n01693334/n01693334_9499.JPEG
6	0.000000	n01440764/n01440764_9108.JPEG
42	0.000000	n01440764/n01440764_9568.JPEG
49	0.000000	n01440764/n01440764_9621.JPEG
205	1.000000	n01693334/n01693334_9682.JPEG
144	1.000000	n01693334/n01693334_9311.JPEG
249	1.000000	n01693334/n01693334_9977.JPEG
101	1.000000	n01693334/n01693334_9048.JPEG
154	1.000000	n01693334/n01693334_9396.JPEG
1	0.000000	n01440764/n01440764_9031.JPEG
46	0.000000	n01440764/n01440764_96.JPEG
234	1.000000	n01693334/n01693334_9906.JPEG
163	1.000000	n01693334/n01693334_9455.JPEG
166	1.000000	n01693334/n01693334_947.JPEG
41	0.000000	n01440764/n01440764_9567.JPEG
96	1.000000	n01693334/n01693334_9003.JPEG
202	1.000000	n01693334/n01693334_9638.JPEG
70	0.000000	n01440764/n01440764_9788.JPEG
142	1.000000	n01693334/n01693334_9299.JPEG
118	1.000000	n01693334/n01693334_9180.JPEG
103	1.000000	n01693334/n01693334_9069.JPEG
53	0.000000	n01440764/n01440764_9649.JPEG
104	1.000000	n01693334/n01693334_9077.JPEG
160	1.000000	n01693334/n01693334_9434.JPEG
94	0.000000	n01440764/n01440764_9981.JPEG
88	0.000000	n01440764/n01440764_9931.JPEG
48	0.000000	n01440764/n01440764_9609.JPEG
36	0.000000	n01440764/n01440764_9518.JPEG
45	0.000000	n01440764/n01440764_9595.JPEG
226	1.000000	n01693334/n01693334_9853.JPEG
196	1.000000	n01693334/n01693334_9625.JPEG
214	1.000000	n01693334/n01693334_9800.JPEG
79	0.000000	n01440764/n01440764_9866.JPEG
58	0.000000	n01440764/n01440764_9697.JPEG
85	0.000000	n01440764/n01440764_9914.JPEG
52	0.000000	n01440764/n01440764_9642.JPEG
165	1.000000	n01693334/n01693334_9466.JPEG
168	1.000000	n01693334/n01693334_9479.JPEG
12	0.000000	n01440764/n01440764_9197.JPEG
67	0.000000	n01440764/n01440764_9776.JPEG
247	1.000000	n01693334/n01693334_9975.JPEG
188	1.000000	n01693334/n01693334_9571.JPEG
20	0.000000	n01440764/n01440764_9292.JPEG
31	0.000000	n01440764/n01440764_9463.JPEG
136	1.000000	n01693334/n01693334_9266.JPEG
28	0.000000	n01440764/n01440764_9437.JPEG
204	1.000000	n01693334/n01693334_9679.JPEG
129	1.000000	n01693334/n01693334_9233.JPEG
110	1.000000	n01693334/n01693334_9141.JPEG
89	0.000000	n01440764/n01440764_9939.JPEG
187	1.000000	n01693334/n01693334_9569.JPEG
100	1.000000	n01693334/n01693334_9041.JPEG
180	1.000000	n01693334/n01693334_9541.JPEG
44	0.000000	n01440764/n01440764_9577.JPEG
197	1.000000	n01693334/n01693334_9627.JPEG
243	1.000000	n01693334/n01693334_9958.JPEG
116	1.000000	n01693334/n01693334_9164.JPEG
117	1.000000	n01693334/n01693334_9171.JPEG
37	0.000000	n01440764/n01440764_9523.JPEG
